2025-05-04T07:58:24.820+05:30  INFO 26308 --- [appointment-service] [main] c.a.AppointmentServiceApplication        : Starting AppointmentServiceApplication using Java 18.0.1.1 with PID 26308 (E:\Linux\Clinic Manager\clinic-manager\appointment-service\target\classes started by Ashwini in E:\Linux\Clinic Manager\clinic-manager\user-service)
2025-05-04T07:58:24.829+05:30  INFO 26308 --- [appointment-service] [main] c.a.AppointmentServiceApplication        : No active profile set, falling back to 1 default profile: "default"
2025-05-04T07:58:26.806+05:30  INFO 26308 --- [appointment-service] [main] .s.d.r.c.RepositoryConfigurationDelegate : Bootstrapping Spring Data JPA repositories in DEFAULT mode.
2025-05-04T07:58:26.966+05:30  INFO 26308 --- [appointment-service] [main] .s.d.r.c.RepositoryConfigurationDelegate : Finished Spring Data repository scanning in 134 ms. Found 1 JPA repository interface.
2025-05-04T07:58:28.146+05:30  INFO 26308 --- [appointment-service] [main] o.s.b.w.embedded.tomcat.TomcatWebServer  : Tomcat initialized with port 8085 (http)
2025-05-04T07:58:28.178+05:30  INFO 26308 --- [appointment-service] [main] o.apache.catalina.core.StandardService   : Starting service [Tomcat]
2025-05-04T07:58:28.179+05:30  INFO 26308 --- [appointment-service] [main] o.apache.catalina.core.StandardEngine    : Starting Servlet engine: [Apache Tomcat/10.1.40]
2025-05-04T07:58:28.322+05:30  INFO 26308 --- [appointment-service] [main] o.a.c.c.C.[Tomcat].[localhost].[/]       : Initializing Spring embedded WebApplicationContext
2025-05-04T07:58:28.323+05:30  INFO 26308 --- [appointment-service] [main] w.s.c.ServletWebServerApplicationContext : Root WebApplicationContext: initialization completed in 3411 ms
2025-05-04T07:58:28.725+05:30  INFO 26308 --- [appointment-service] [main] o.hibernate.jpa.internal.util.LogHelper  : HHH000204: Processing PersistenceUnitInfo [name: default]
2025-05-04T07:58:28.856+05:30  INFO 26308 --- [appointment-service] [main] org.hibernate.Version                    : HHH000412: Hibernate ORM core version 6.6.13.Final
2025-05-04T07:58:28.936+05:30  INFO 26308 --- [appointment-service] [main] o.h.c.internal.RegionFactoryInitiator    : HHH000026: Second-level cache disabled
2025-05-04T07:58:29.668+05:30  INFO 26308 --- [appointment-service] [main] o.s.o.j.p.SpringPersistenceUnitInfo      : No LoadTimeWeaver setup: ignoring JPA class transformer
2025-05-04T07:58:29.739+05:30  INFO 26308 --- [appointment-service] [main] com.zaxxer.hikari.HikariDataSource       : HikariPool-1 - Starting...
2025-05-04T07:58:30.663+05:30  INFO 26308 --- [appointment-service] [main] com.zaxxer.hikari.pool.HikariPool        : HikariPool-1 - Added connection com.mysql.cj.jdbc.ConnectionImpl@d0fabc8
2025-05-04T07:58:30.670+05:30  INFO 26308 --- [appointment-service] [main] com.zaxxer.hikari.HikariDataSource       : HikariPool-1 - Start completed.
2025-05-04T07:58:30.797+05:30  WARN 26308 --- [appointment-service] [main] org.hibernate.orm.deprecation            : HHH90000025: MySQL8Dialect does not need to be specified explicitly using 'hibernate.dialect' (remove the property setting and it will be selected by default)
2025-05-04T07:58:30.800+05:30  WARN 26308 --- [appointment-service] [main] org.hibernate.orm.deprecation            : HHH90000026: MySQL8Dialect has been deprecated; use org.hibernate.dialect.MySQLDialect instead
2025-05-04T07:58:30.853+05:30  INFO 26308 --- [appointment-service] [main] org.hibernate.orm.connections.pooling    : HHH10001005: Database info:
	Database JDBC URL [Connecting through datasource 'HikariDataSource (HikariPool-1)']
	Database driver: undefined/unknown
	Database version: 8.0
	Autocommit mode: undefined/unknown
	Isolation level: undefined/unknown
	Minimum pool size: undefined/unknown
	Maximum pool size: undefined/unknown
2025-05-04T07:58:33.070+05:30  INFO 26308 --- [appointment-service] [main] o.h.e.t.j.p.i.JtaPlatformInitiator       : HHH000489: No JTA platform available (set 'hibernate.transaction.jta.platform' to enable JTA platform integration)
2025-05-04T07:58:33.297+05:30  INFO 26308 --- [appointment-service] [main] j.LocalContainerEntityManagerFactoryBean : Initialized JPA EntityManagerFactory for persistence unit 'default'
2025-05-04T07:58:34.348+05:30  WARN 26308 --- [appointment-service] [main] JpaBaseConfiguration$JpaWebConfiguration : spring.jpa.open-in-view is enabled by default. Therefore, database queries may be performed during view rendering. Explicitly configure spring.jpa.open-in-view to disable this warning
2025-05-04T07:58:34.388+05:30  WARN 26308 --- [appointment-service] [main] .s.s.UserDetailsServiceAutoConfiguration : 

Using generated security password: ffa45393-c834-4d14-9bc6-00bef3de7a4d

This generated password is for development use only. Your security configuration must be updated before running your application in production.

2025-05-04T07:58:34.401+05:30  INFO 26308 --- [appointment-service] [main] r$InitializeUserDetailsManagerConfigurer : Global AuthenticationManager configured with UserDetailsService bean with name inMemoryUserDetailsManager
2025-05-04T07:58:36.473+05:30  INFO 26308 --- [appointment-service] [main] o.s.v.b.OptionalValidatorFactoryBean     : Failed to set up a Bean Validation provider: jakarta.validation.NoProviderFoundException: Unable to create a Configuration, because no Jakarta Bean Validation provider could be found. Add a provider like Hibernate Validator (RI) to your classpath.
2025-05-04T07:58:37.278+05:30  INFO 26308 --- [appointment-service] [main] o.s.b.w.embedded.tomcat.TomcatWebServer  : Tomcat started on port 8085 (http) with context path '/'
2025-05-04T07:58:37.300+05:30  INFO 26308 --- [appointment-service] [main] c.a.AppointmentServiceApplication        : Started AppointmentServiceApplication in 13.532 seconds (process running for 14.879)
2025-05-04T10:17:28.529+05:30  INFO 26308 --- [appointment-service] [SpringApplicationShutdownHook] o.s.b.w.e.tomcat.GracefulShutdown        : Commencing graceful shutdown. Waiting for active requests to complete
2025-05-04T10:17:28.971+05:30  INFO 26308 --- [appointment-service] [tomcat-shutdown] o.s.b.w.e.tomcat.GracefulShutdown        : Graceful shutdown complete
2025-05-04T10:17:29.005+05:30  INFO 26308 --- [appointment-service] [SpringApplicationShutdownHook] j.LocalContainerEntityManagerFactoryBean : Closing JPA EntityManagerFactory for persistence unit 'default'
2025-05-04T10:17:29.053+05:30  INFO 26308 --- [appointment-service] [SpringApplicationShutdownHook] com.zaxxer.hikari.HikariDataSource       : HikariPool-1 - Shutdown initiated...
2025-05-04T10:17:29.065+05:30  INFO 26308 --- [appointment-service] [SpringApplicationShutdownHook] com.zaxxer.hikari.HikariDataSource       : HikariPool-1 - Shutdown completed.
