2025-05-04T07:58:37.944+05:30  INFO 27480 --- [doctor-service] [main] c.d.DoctorServiceApplication             : Starting DoctorServiceApplication using Java 18.0.1.1 with PID 27480 (E:\Linux\Clinic Manager\clinic-manager\doctor-service\target\classes started by Ashwini in E:\Linux\Clinic Manager\clinic-manager\user-service)
2025-05-04T07:58:37.956+05:30  INFO 27480 --- [doctor-service] [main] c.d.DoctorServiceApplication             : No active profile set, falling back to 1 default profile: "default"
2025-05-04T07:58:40.491+05:30  INFO 27480 --- [doctor-service] [main] .s.d.r.c.RepositoryConfigurationDelegate : Bootstrapping Spring Data JPA repositories in DEFAULT mode.
2025-05-04T07:58:40.596+05:30  INFO 27480 --- [doctor-service] [main] .s.d.r.c.RepositoryConfigurationDelegate : Finished Spring Data repository scanning in 86 ms. Found 1 JPA repository interface.
2025-05-04T07:58:41.550+05:30  INFO 27480 --- [doctor-service] [main] o.s.b.w.embedded.tomcat.TomcatWebServer  : Tomcat initialized with port 8084 (http)
2025-05-04T07:58:41.573+05:30  INFO 27480 --- [doctor-service] [main] o.apache.catalina.core.StandardService   : Starting service [Tomcat]
2025-05-04T07:58:41.573+05:30  INFO 27480 --- [doctor-service] [main] o.apache.catalina.core.StandardEngine    : Starting Servlet engine: [Apache Tomcat/10.1.40]
2025-05-04T07:58:41.694+05:30  INFO 27480 --- [doctor-service] [main] o.a.c.c.C.[Tomcat].[localhost].[/]       : Initializing Spring embedded WebApplicationContext
2025-05-04T07:58:41.694+05:30  INFO 27480 --- [doctor-service] [main] w.s.c.ServletWebServerApplicationContext : Root WebApplicationContext: initialization completed in 3623 ms
2025-05-04T07:58:42.029+05:30  INFO 27480 --- [doctor-service] [main] o.hibernate.jpa.internal.util.LogHelper  : HHH000204: Processing PersistenceUnitInfo [name: default]
2025-05-04T07:58:42.091+05:30  INFO 27480 --- [doctor-service] [main] org.hibernate.Version                    : HHH000412: Hibernate ORM core version 6.6.13.Final
2025-05-04T07:58:42.134+05:30  INFO 27480 --- [doctor-service] [main] o.h.c.internal.RegionFactoryInitiator    : HHH000026: Second-level cache disabled
2025-05-04T07:58:42.483+05:30  INFO 27480 --- [doctor-service] [main] o.s.o.j.p.SpringPersistenceUnitInfo      : No LoadTimeWeaver setup: ignoring JPA class transformer
2025-05-04T07:58:42.532+05:30  INFO 27480 --- [doctor-service] [main] com.zaxxer.hikari.HikariDataSource       : HikariPool-1 - Starting...
2025-05-04T07:58:43.480+05:30  INFO 27480 --- [doctor-service] [main] com.zaxxer.hikari.pool.HikariPool        : HikariPool-1 - Added connection com.mysql.cj.jdbc.ConnectionImpl@23a78c77
2025-05-04T07:58:43.485+05:30  INFO 27480 --- [doctor-service] [main] com.zaxxer.hikari.HikariDataSource       : HikariPool-1 - Start completed.
2025-05-04T07:58:43.571+05:30  WARN 27480 --- [doctor-service] [main] org.hibernate.orm.deprecation            : HHH90000025: MySQL8Dialect does not need to be specified explicitly using 'hibernate.dialect' (remove the property setting and it will be selected by default)
2025-05-04T07:58:43.574+05:30  WARN 27480 --- [doctor-service] [main] org.hibernate.orm.deprecation            : HHH90000026: MySQL8Dialect has been deprecated; use org.hibernate.dialect.MySQLDialect instead
2025-05-04T07:58:43.613+05:30  INFO 27480 --- [doctor-service] [main] org.hibernate.orm.connections.pooling    : HHH10001005: Database info:
	Database JDBC URL [Connecting through datasource 'HikariDataSource (HikariPool-1)']
	Database driver: undefined/unknown
	Database version: 8.0
	Autocommit mode: undefined/unknown
	Isolation level: undefined/unknown
	Minimum pool size: undefined/unknown
	Maximum pool size: undefined/unknown
2025-05-04T07:58:45.173+05:30  INFO 27480 --- [doctor-service] [main] o.h.e.t.j.p.i.JtaPlatformInitiator       : HHH000489: No JTA platform available (set 'hibernate.transaction.jta.platform' to enable JTA platform integration)
2025-05-04T07:58:45.332+05:30  INFO 27480 --- [doctor-service] [main] j.LocalContainerEntityManagerFactoryBean : Initialized JPA EntityManagerFactory for persistence unit 'default'
2025-05-04T07:58:46.203+05:30  WARN 27480 --- [doctor-service] [main] JpaBaseConfiguration$JpaWebConfiguration : spring.jpa.open-in-view is enabled by default. Therefore, database queries may be performed during view rendering. Explicitly configure spring.jpa.open-in-view to disable this warning
2025-05-04T07:58:46.243+05:30  WARN 27480 --- [doctor-service] [main] .s.s.UserDetailsServiceAutoConfiguration : 

Using generated security password: c94ffa0f-970e-47a4-b2db-88f66070d71a

This generated password is for development use only. Your security configuration must be updated before running your application in production.

2025-05-04T07:58:46.260+05:30  INFO 27480 --- [doctor-service] [main] r$InitializeUserDetailsManagerConfigurer : Global AuthenticationManager configured with UserDetailsService bean with name inMemoryUserDetailsManager
2025-05-04T07:58:47.752+05:30  INFO 27480 --- [doctor-service] [main] o.s.v.b.OptionalValidatorFactoryBean     : Failed to set up a Bean Validation provider: jakarta.validation.NoProviderFoundException: Unable to create a Configuration, because no Jakarta Bean Validation provider could be found. Add a provider like Hibernate Validator (RI) to your classpath.
2025-05-04T07:58:48.311+05:30  INFO 27480 --- [doctor-service] [main] o.s.b.w.embedded.tomcat.TomcatWebServer  : Tomcat started on port 8084 (http) with context path '/'
2025-05-04T07:58:48.331+05:30  INFO 27480 --- [doctor-service] [main] c.d.DoctorServiceApplication             : Started DoctorServiceApplication in 11.582 seconds (process running for 13.438)
2025-05-04T10:17:28.512+05:30  INFO 27480 --- [doctor-service] [SpringApplicationShutdownHook] o.s.b.w.e.tomcat.GracefulShutdown        : Commencing graceful shutdown. Waiting for active requests to complete
2025-05-04T10:17:28.957+05:30  INFO 27480 --- [doctor-service] [tomcat-shutdown] o.s.b.w.e.tomcat.GracefulShutdown        : Graceful shutdown complete
2025-05-04T10:17:28.986+05:30  INFO 27480 --- [doctor-service] [SpringApplicationShutdownHook] j.LocalContainerEntityManagerFactoryBean : Closing JPA EntityManagerFactory for persistence unit 'default'
2025-05-04T10:17:29.032+05:30  INFO 27480 --- [doctor-service] [SpringApplicationShutdownHook] com.zaxxer.hikari.HikariDataSource       : HikariPool-1 - Shutdown initiated...
2025-05-04T10:17:29.043+05:30  INFO 27480 --- [doctor-service] [SpringApplicationShutdownHook] com.zaxxer.hikari.HikariDataSource       : HikariPool-1 - Shutdown completed.
