2025-11-19T13:36:34.796+05:30  INFO 15440 --- [patient-service] [restartedMain] c.p.PatientServiceApplication            : Starting PatientServiceApplication using Java 17.0.16 with PID 15440 (C:\Dev\clinic\patient-service\target\classes started by rokumary in C:\Dev\clinic\patient-service)
2025-11-19T13:36:34.846+05:30  INFO 15440 --- [patient-service] [restartedMain] c.p.PatientServiceApplication            : No active profile set, falling back to 1 default profile: "default"
2025-11-19T13:36:35.008+05:30  INFO 15440 --- [patient-service] [restartedMain] .e.DevToolsPropertyDefaultsPostProcessor : Devtools property defaults active! Set 'spring.devtools.add-properties' to 'false' to disable
2025-11-19T13:36:35.011+05:30  INFO 15440 --- [patient-service] [restartedMain] .e.DevToolsPropertyDefaultsPostProcessor : For additional web related logging consider setting the 'logging.level.web' property to 'DEBUG'
2025-11-19T13:37:23.489+05:30  INFO 30252 --- [patient-service] [restartedMain] c.p.PatientServiceApplication            : Starting PatientServiceApplication using Java 17.0.16 with PID 30252 (C:\Dev\clinic\patient-service\target\classes started by rokumary in C:\Dev\clinic\patient-service)
2025-11-19T13:37:23.539+05:30  INFO 30252 --- [patient-service] [restartedMain] c.p.PatientServiceApplication            : No active profile set, falling back to 1 default profile: "default"
2025-11-19T13:37:23.818+05:30  INFO 30252 --- [patient-service] [restartedMain] .e.DevToolsPropertyDefaultsPostProcessor : Devtools property defaults active! Set 'spring.devtools.add-properties' to 'false' to disable
2025-11-19T13:37:23.823+05:30  INFO 30252 --- [patient-service] [restartedMain] .e.DevToolsPropertyDefaultsPostProcessor : For additional web related logging consider setting the 'logging.level.web' property to 'DEBUG'
2025-11-19T13:37:28.508+05:30  INFO 30252 --- [patient-service] [restartedMain] .s.d.r.c.RepositoryConfigurationDelegate : Bootstrapping Spring Data JPA repositories in DEFAULT mode.
2025-11-19T13:37:28.905+05:30  INFO 30252 --- [patient-service] [restartedMain] .s.d.r.c.RepositoryConfigurationDelegate : Finished Spring Data repository scanning in 362 ms. Found 2 JPA repository interfaces.
2025-11-19T13:37:29.635+05:30  INFO 30252 --- [patient-service] [restartedMain] o.s.cloud.context.scope.GenericScope     : BeanFactory id=b4cf275a-0038-3c39-82fe-c3e2f40c4d0b
2025-11-19T13:37:30.911+05:30  INFO 30252 --- [patient-service] [restartedMain] o.s.b.w.embedded.tomcat.TomcatWebServer  : Tomcat initialized with port 8082 (http)
2025-11-19T13:37:30.948+05:30  INFO 30252 --- [patient-service] [restartedMain] o.apache.catalina.core.StandardService   : Starting service [Tomcat]
2025-11-19T13:37:30.955+05:30  INFO 30252 --- [patient-service] [restartedMain] o.apache.catalina.core.StandardEngine    : Starting Servlet engine: [Apache Tomcat/10.1.40]
2025-11-19T13:37:31.162+05:30  INFO 30252 --- [patient-service] [restartedMain] o.a.c.c.C.[Tomcat].[localhost].[/]       : Initializing Spring embedded WebApplicationContext
2025-11-19T13:37:31.162+05:30  INFO 30252 --- [patient-service] [restartedMain] w.s.c.ServletWebServerApplicationContext : Root WebApplicationContext: initialization completed in 7329 ms
2025-11-19T13:37:31.899+05:30  INFO 30252 --- [patient-service] [restartedMain] o.hibernate.jpa.internal.util.LogHelper  : HHH000204: Processing PersistenceUnitInfo [name: default]
2025-11-19T13:37:32.018+05:30  INFO 30252 --- [patient-service] [restartedMain] org.hibernate.Version                    : HHH000412: Hibernate ORM core version 6.6.13.Final
2025-11-19T13:37:32.083+05:30  INFO 30252 --- [patient-service] [restartedMain] o.h.c.internal.RegionFactoryInitiator    : HHH000026: Second-level cache disabled
2025-11-19T13:37:32.624+05:30  INFO 30252 --- [patient-service] [restartedMain] o.s.o.j.p.SpringPersistenceUnitInfo      : No LoadTimeWeaver setup: ignoring JPA class transformer
2025-11-19T13:37:32.689+05:30  INFO 30252 --- [patient-service] [restartedMain] com.zaxxer.hikari.HikariDataSource       : HikariPool-1 - Starting...
2025-11-19T13:37:35.972+05:30  INFO 30252 --- [patient-service] [restartedMain] com.zaxxer.hikari.pool.HikariPool        : HikariPool-1 - Added connection com.mysql.cj.jdbc.ConnectionImpl@425cd165
2025-11-19T13:37:35.976+05:30  INFO 30252 --- [patient-service] [restartedMain] com.zaxxer.hikari.HikariDataSource       : HikariPool-1 - Start completed.
2025-11-19T13:37:36.284+05:30  WARN 30252 --- [patient-service] [restartedMain] org.hibernate.orm.deprecation            : HHH90000025: MySQL8Dialect does not need to be specified explicitly using 'hibernate.dialect' (remove the property setting and it will be selected by default)
2025-11-19T13:37:36.287+05:30  WARN 30252 --- [patient-service] [restartedMain] org.hibernate.orm.deprecation            : HHH90000026: MySQL8Dialect has been deprecated; use org.hibernate.dialect.MySQLDialect instead
2025-11-19T13:37:36.329+05:30  INFO 30252 --- [patient-service] [restartedMain] org.hibernate.orm.connections.pooling    : HHH10001005: Database info:
	Database JDBC URL [Connecting through datasource 'HikariDataSource (HikariPool-1)']
	Database driver: undefined/unknown
	Database version: 8.0
	Autocommit mode: undefined/unknown
	Isolation level: undefined/unknown
	Minimum pool size: undefined/unknown
	Maximum pool size: undefined/unknown
2025-11-19T13:37:38.027+05:30  INFO 30252 --- [patient-service] [restartedMain] o.h.e.t.j.p.i.JtaPlatformInitiator       : HHH000489: No JTA platform available (set 'hibernate.transaction.jta.platform' to enable JTA platform integration)
2025-11-19T13:37:40.424+05:30  INFO 30252 --- [patient-service] [restartedMain] j.LocalContainerEntityManagerFactoryBean : Initialized JPA EntityManagerFactory for persistence unit 'default'
2025-11-19T13:37:41.072+05:30  WARN 30252 --- [patient-service] [restartedMain] ConfigServletWebServerApplicationContext : Exception encountered during context initialization - cancelling refresh attempt: org.springframework.beans.factory.UnsatisfiedDependencyException: Error creating bean with name 'patientController' defined in file [C:\Dev\clinic\patient-service\target\classes\com\patient_service\controller\PatientController.class]: Unsatisfied dependency expressed through constructor parameter 0: Error creating bean with name 'patientService' defined in file [C:\Dev\clinic\patient-service\target\classes\com\patient_service\service\PatientService.class]: Unsatisfied dependency expressed through constructor parameter 2: No qualifying bean of type 'com.patient_service.feign.UserServiceClient' available: expected at least 1 bean which qualifies as autowire candidate. Dependency annotations: {}
2025-11-19T13:37:41.073+05:30  INFO 30252 --- [patient-service] [restartedMain] j.LocalContainerEntityManagerFactoryBean : Closing JPA EntityManagerFactory for persistence unit 'default'
2025-11-19T13:37:41.085+05:30  INFO 30252 --- [patient-service] [restartedMain] com.zaxxer.hikari.HikariDataSource       : HikariPool-1 - Shutdown initiated...
2025-11-19T13:37:43.368+05:30  INFO 30252 --- [patient-service] [restartedMain] com.zaxxer.hikari.HikariDataSource       : HikariPool-1 - Shutdown completed.
2025-11-19T13:37:43.373+05:30  INFO 30252 --- [patient-service] [restartedMain] o.apache.catalina.core.StandardService   : Stopping service [Tomcat]
2025-11-19T13:37:43.405+05:30  INFO 30252 --- [patient-service] [restartedMain] .s.b.a.l.ConditionEvaluationReportLogger : 

Error starting ApplicationContext. To display the condition evaluation report re-run your application with 'debug' enabled.
2025-11-19T13:37:43.461+05:30 ERROR 30252 --- [patient-service] [restartedMain] o.s.b.d.LoggingFailureAnalysisReporter   : 

***************************
APPLICATION FAILED TO START
***************************

Description:

Parameter 2 of constructor in com.patient_service.service.PatientService required a bean of type 'com.patient_service.feign.UserServiceClient' that could not be found.


Action:

Consider defining a bean of type 'com.patient_service.feign.UserServiceClient' in your configuration.

2025-11-19T13:40:32.211+05:30  INFO 9000 --- [patient-service] [restartedMain] c.p.PatientServiceApplication            : Starting PatientServiceApplication using Java 17.0.16 with PID 9000 (C:\Dev\clinic\patient-service\target\classes started by rokumary in C:\Dev\clinic\patient-service)
2025-11-19T13:40:32.217+05:30  INFO 9000 --- [patient-service] [restartedMain] c.p.PatientServiceApplication            : No active profile set, falling back to 1 default profile: "default"
2025-11-19T13:40:32.307+05:30  INFO 9000 --- [patient-service] [restartedMain] .e.DevToolsPropertyDefaultsPostProcessor : Devtools property defaults active! Set 'spring.devtools.add-properties' to 'false' to disable
2025-11-19T13:40:32.307+05:30  INFO 9000 --- [patient-service] [restartedMain] .e.DevToolsPropertyDefaultsPostProcessor : For additional web related logging consider setting the 'logging.level.web' property to 'DEBUG'
2025-11-19T13:40:34.757+05:30  INFO 9000 --- [patient-service] [restartedMain] .s.d.r.c.RepositoryConfigurationDelegate : Bootstrapping Spring Data JPA repositories in DEFAULT mode.
2025-11-19T13:40:35.067+05:30  INFO 9000 --- [patient-service] [restartedMain] .s.d.r.c.RepositoryConfigurationDelegate : Finished Spring Data repository scanning in 293 ms. Found 2 JPA repository interfaces.
2025-11-19T13:40:35.715+05:30  INFO 9000 --- [patient-service] [restartedMain] o.s.cloud.context.scope.GenericScope     : BeanFactory id=4a6150d8-6aa2-3073-a841-335b5059ef5d
2025-11-19T13:40:37.107+05:30  INFO 9000 --- [patient-service] [restartedMain] o.s.b.w.embedded.tomcat.TomcatWebServer  : Tomcat initialized with port 8082 (http)
2025-11-19T13:40:37.137+05:30  INFO 9000 --- [patient-service] [restartedMain] o.apache.catalina.core.StandardService   : Starting service [Tomcat]
2025-11-19T13:40:37.138+05:30  INFO 9000 --- [patient-service] [restartedMain] o.apache.catalina.core.StandardEngine    : Starting Servlet engine: [Apache Tomcat/10.1.40]
2025-11-19T13:40:37.277+05:30  INFO 9000 --- [patient-service] [restartedMain] o.a.c.c.C.[Tomcat].[localhost].[/]       : Initializing Spring embedded WebApplicationContext
2025-11-19T13:40:37.278+05:30  INFO 9000 --- [patient-service] [restartedMain] w.s.c.ServletWebServerApplicationContext : Root WebApplicationContext: initialization completed in 4969 ms
2025-11-19T13:40:38.111+05:30  INFO 9000 --- [patient-service] [restartedMain] o.hibernate.jpa.internal.util.LogHelper  : HHH000204: Processing PersistenceUnitInfo [name: default]
2025-11-19T13:40:38.259+05:30  INFO 9000 --- [patient-service] [restartedMain] org.hibernate.Version                    : HHH000412: Hibernate ORM core version 6.6.13.Final
2025-11-19T13:40:38.352+05:30  INFO 9000 --- [patient-service] [restartedMain] o.h.c.internal.RegionFactoryInitiator    : HHH000026: Second-level cache disabled
2025-11-19T13:40:39.050+05:30  INFO 9000 --- [patient-service] [restartedMain] o.s.o.j.p.SpringPersistenceUnitInfo      : No LoadTimeWeaver setup: ignoring JPA class transformer
2025-11-19T13:40:39.137+05:30  INFO 9000 --- [patient-service] [restartedMain] com.zaxxer.hikari.HikariDataSource       : HikariPool-1 - Starting...
2025-11-19T13:40:42.265+05:30  INFO 9000 --- [patient-service] [restartedMain] com.zaxxer.hikari.pool.HikariPool        : HikariPool-1 - Added connection com.mysql.cj.jdbc.ConnectionImpl@1df014cc
2025-11-19T13:40:42.268+05:30  INFO 9000 --- [patient-service] [restartedMain] com.zaxxer.hikari.HikariDataSource       : HikariPool-1 - Start completed.
2025-11-19T13:40:42.581+05:30  WARN 9000 --- [patient-service] [restartedMain] org.hibernate.orm.deprecation            : HHH90000025: MySQL8Dialect does not need to be specified explicitly using 'hibernate.dialect' (remove the property setting and it will be selected by default)
2025-11-19T13:40:42.584+05:30  WARN 9000 --- [patient-service] [restartedMain] org.hibernate.orm.deprecation            : HHH90000026: MySQL8Dialect has been deprecated; use org.hibernate.dialect.MySQLDialect instead
2025-11-19T13:40:42.617+05:30  INFO 9000 --- [patient-service] [restartedMain] org.hibernate.orm.connections.pooling    : HHH10001005: Database info:
	Database JDBC URL [Connecting through datasource 'HikariDataSource (HikariPool-1)']
	Database driver: undefined/unknown
	Database version: 8.0
	Autocommit mode: undefined/unknown
	Isolation level: undefined/unknown
	Minimum pool size: undefined/unknown
	Maximum pool size: undefined/unknown
2025-11-19T13:40:44.348+05:30  INFO 9000 --- [patient-service] [restartedMain] o.h.e.t.j.p.i.JtaPlatformInitiator       : HHH000489: No JTA platform available (set 'hibernate.transaction.jta.platform' to enable JTA platform integration)
2025-11-19T13:40:45.797+05:30  INFO 9000 --- [patient-service] [restartedMain] j.LocalContainerEntityManagerFactoryBean : Initialized JPA EntityManagerFactory for persistence unit 'default'
2025-11-19T13:40:46.901+05:30  WARN 9000 --- [patient-service] [restartedMain] JpaBaseConfiguration$JpaWebConfiguration : spring.jpa.open-in-view is enabled by default. Therefore, database queries may be performed during view rendering. Explicitly configure spring.jpa.open-in-view to disable this warning
2025-11-19T13:40:47.063+05:30  WARN 9000 --- [patient-service] [restartedMain] o.s.b.d.a.OptionalLiveReloadServer       : Unable to start LiveReload server
2025-11-19T13:40:47.620+05:30  INFO 9000 --- [patient-service] [restartedMain] o.s.c.openfeign.FeignClientFactoryBean   : For 'user-service' URL not provided. Will try picking an instance via load-balancing.
2025-11-19T13:40:47.821+05:30  WARN 9000 --- [patient-service] [restartedMain] .s.s.UserDetailsServiceAutoConfiguration : 

Using generated security password: 2a0e1e35-2f3a-4a90-b50a-adb6a5dfd73c

This generated password is for development use only. Your security configuration must be updated before running your application in production.

2025-11-19T13:40:47.841+05:30  INFO 9000 --- [patient-service] [restartedMain] r$InitializeUserDetailsManagerConfigurer : Global AuthenticationManager configured with UserDetailsService bean with name inMemoryUserDetailsManager
2025-11-19T13:40:50.408+05:30  INFO 9000 --- [patient-service] [restartedMain] o.s.b.a.e.web.EndpointLinksResolver      : Exposing 1 endpoint beneath base path '/actuator'
2025-11-19T13:40:50.475+05:30  WARN 9000 --- [patient-service] [restartedMain] thorizationManagerRequestMatcherRegistry : One of the patterns in [api/patients/me/patients, api/patients/me/with-history, /api/auth/register, /api/auth/login, /swagger-ui/**, /v3/api-docs/**] is missing a leading slash. This is discouraged; please include the leading slash in all your request matcher patterns. In future versions of Spring Security, leaving out the leading slash will result in an exception.
2025-11-19T13:40:50.747+05:30  INFO 9000 --- [patient-service] [restartedMain] o.s.v.b.OptionalValidatorFactoryBean     : Failed to set up a Bean Validation provider: jakarta.validation.NoProviderFoundException: Unable to create a Configuration, because no Jakarta Bean Validation provider could be found. Add a provider like Hibernate Validator (RI) to your classpath.
2025-11-19T13:40:52.158+05:30  INFO 9000 --- [patient-service] [restartedMain] DiscoveryClientOptionalArgsConfiguration : Eureka HTTP Client uses RestTemplate.
2025-11-19T13:40:52.244+05:30  WARN 9000 --- [patient-service] [restartedMain] iguration$LoadBalancerCaffeineWarnLogger : Spring Cloud LoadBalancer is currently working with the default cache. While this cache implementation is useful for development and tests, it's recommended to use Caffeine cache in production.You can switch to using Caffeine cache, by adding it and org.springframework.cache.caffeine.CaffeineCacheManager to the classpath.
2025-11-19T13:40:52.409+05:30  INFO 9000 --- [patient-service] [restartedMain] o.s.c.n.eureka.InstanceInfoFactory       : Setting initial instance status as: STARTING
2025-11-19T13:40:52.477+05:30  INFO 9000 --- [patient-service] [restartedMain] com.netflix.discovery.DiscoveryClient    : Initializing Eureka in region us-east-1
2025-11-19T13:40:52.486+05:30  INFO 9000 --- [patient-service] [restartedMain] c.n.d.s.r.aws.ConfigClusterResolver      : Resolving eureka endpoints via configuration
2025-11-19T13:40:52.518+05:30  INFO 9000 --- [patient-service] [restartedMain] com.netflix.discovery.DiscoveryClient    : Disable delta property : false
2025-11-19T13:40:52.519+05:30  INFO 9000 --- [patient-service] [restartedMain] com.netflix.discovery.DiscoveryClient    : Single vip registry refresh property : null
2025-11-19T13:40:52.519+05:30  INFO 9000 --- [patient-service] [restartedMain] com.netflix.discovery.DiscoveryClient    : Force full registry fetch : false
2025-11-19T13:40:52.520+05:30  INFO 9000 --- [patient-service] [restartedMain] com.netflix.discovery.DiscoveryClient    : Application is null : false
2025-11-19T13:40:52.520+05:30  INFO 9000 --- [patient-service] [restartedMain] com.netflix.discovery.DiscoveryClient    : Registered Applications size is zero : true
2025-11-19T13:40:52.520+05:30  INFO 9000 --- [patient-service] [restartedMain] com.netflix.discovery.DiscoveryClient    : Application version is -1: true
2025-11-19T13:40:52.521+05:30  INFO 9000 --- [patient-service] [restartedMain] com.netflix.discovery.DiscoveryClient    : Getting all instance registry info from the eureka server
2025-11-19T13:40:53.203+05:30  INFO 9000 --- [patient-service] [restartedMain] com.netflix.discovery.DiscoveryClient    : The response status is 200
2025-11-19T13:40:53.207+05:30  INFO 9000 --- [patient-service] [restartedMain] com.netflix.discovery.DiscoveryClient    : Starting heartbeat executor: renew interval is: 30
2025-11-19T13:40:53.209+05:30  INFO 9000 --- [patient-service] [restartedMain] c.n.discovery.InstanceInfoReplicator     : InstanceInfoReplicator onDemand update allowed rate per min is 4
2025-11-19T13:40:53.214+05:30  INFO 9000 --- [patient-service] [restartedMain] com.netflix.discovery.DiscoveryClient    : Discovery Client initialized at timestamp 1763539853211 with initial instances count: 4
2025-11-19T13:40:53.223+05:30  INFO 9000 --- [patient-service] [restartedMain] o.s.c.n.e.s.EurekaServiceRegistry        : Registering application PATIENT-SERVICE with eureka with status UP
2025-11-19T13:40:53.225+05:30  INFO 9000 --- [patient-service] [restartedMain] com.netflix.discovery.DiscoveryClient    : Saw local status change event StatusChangeEvent [timestamp=1763539853225, current=UP, previous=STARTING]
2025-11-19T13:40:53.229+05:30  INFO 9000 --- [patient-service] [DiscoveryClient-InstanceInfoReplicator-%d] com.netflix.discovery.DiscoveryClient    : DiscoveryClient_PATIENT-SERVICE/192.168.1.38:patient-service:8082: registering service...
2025-11-19T13:40:53.286+05:30  INFO 9000 --- [patient-service] [restartedMain] o.s.b.w.embedded.tomcat.TomcatWebServer  : Tomcat started on port 8082 (http) with context path '/'
2025-11-19T13:40:53.288+05:30  INFO 9000 --- [patient-service] [restartedMain] .s.c.n.e.s.EurekaAutoServiceRegistration : Updating port to 8082
2025-11-19T13:40:53.311+05:30  INFO 9000 --- [patient-service] [DiscoveryClient-InstanceInfoReplicator-%d] com.netflix.discovery.DiscoveryClient    : DiscoveryClient_PATIENT-SERVICE/192.168.1.38:patient-service:8082 - registration status: 204
2025-11-19T13:40:53.708+05:30  INFO 9000 --- [patient-service] [restartedMain] c.p.PatientServiceApplication            : Started PatientServiceApplication in 22.822 seconds (process running for 24.555)
2025-11-19T13:40:53.977+05:30  INFO 9000 --- [patient-service] [RMI TCP Connection(2)-127.0.0.1] o.a.c.c.C.[Tomcat].[localhost].[/]       : Initializing Spring DispatcherServlet 'dispatcherServlet'
2025-11-19T13:40:53.977+05:30  INFO 9000 --- [patient-service] [RMI TCP Connection(2)-127.0.0.1] o.s.web.servlet.DispatcherServlet        : Initializing Servlet 'dispatcherServlet'
2025-11-19T13:40:53.980+05:30  INFO 9000 --- [patient-service] [RMI TCP Connection(2)-127.0.0.1] o.s.web.servlet.DispatcherServlet        : Completed initialization in 0 ms
2025-11-19T13:45:52.528+05:30  INFO 9000 --- [patient-service] [AsyncResolver-bootstrap-executor-%d] c.n.d.s.r.aws.ConfigClusterResolver      : Resolving eureka endpoints via configuration
2025-11-19T13:50:52.533+05:30  INFO 9000 --- [patient-service] [AsyncResolver-bootstrap-executor-%d] c.n.d.s.r.aws.ConfigClusterResolver      : Resolving eureka endpoints via configuration
2025-11-19T13:55:52.537+05:30  INFO 9000 --- [patient-service] [AsyncResolver-bootstrap-executor-%d] c.n.d.s.r.aws.ConfigClusterResolver      : Resolving eureka endpoints via configuration
2025-11-19T14:00:52.544+05:30  INFO 9000 --- [patient-service] [AsyncResolver-bootstrap-executor-%d] c.n.d.s.r.aws.ConfigClusterResolver      : Resolving eureka endpoints via configuration
2025-11-19T14:05:52.561+05:30  INFO 9000 --- [patient-service] [AsyncResolver-bootstrap-executor-%d] c.n.d.s.r.aws.ConfigClusterResolver      : Resolving eureka endpoints via configuration
2025-11-19T14:10:52.572+05:30  INFO 9000 --- [patient-service] [AsyncResolver-bootstrap-executor-%d] c.n.d.s.r.aws.ConfigClusterResolver      : Resolving eureka endpoints via configuration
2025-11-19T14:15:52.579+05:30  INFO 9000 --- [patient-service] [AsyncResolver-bootstrap-executor-%d] c.n.d.s.r.aws.ConfigClusterResolver      : Resolving eureka endpoints via configuration
2025-11-19T14:20:52.584+05:30  INFO 9000 --- [patient-service] [AsyncResolver-bootstrap-executor-%d] c.n.d.s.r.aws.ConfigClusterResolver      : Resolving eureka endpoints via configuration
2025-11-19T14:25:52.588+05:30  INFO 9000 --- [patient-service] [AsyncResolver-bootstrap-executor-%d] c.n.d.s.r.aws.ConfigClusterResolver      : Resolving eureka endpoints via configuration
2025-11-19T14:30:52.592+05:30  INFO 9000 --- [patient-service] [AsyncResolver-bootstrap-executor-%d] c.n.d.s.r.aws.ConfigClusterResolver      : Resolving eureka endpoints via configuration
2025-11-19T14:35:52.603+05:30  INFO 9000 --- [patient-service] [AsyncResolver-bootstrap-executor-%d] c.n.d.s.r.aws.ConfigClusterResolver      : Resolving eureka endpoints via configuration
2025-11-19T14:40:52.607+05:30  INFO 9000 --- [patient-service] [AsyncResolver-bootstrap-executor-%d] c.n.d.s.r.aws.ConfigClusterResolver      : Resolving eureka endpoints via configuration
2025-11-19T14:45:52.614+05:30  INFO 9000 --- [patient-service] [AsyncResolver-bootstrap-executor-%d] c.n.d.s.r.aws.ConfigClusterResolver      : Resolving eureka endpoints via configuration
2025-11-19T14:50:52.627+05:30  INFO 9000 --- [patient-service] [AsyncResolver-bootstrap-executor-%d] c.n.d.s.r.aws.ConfigClusterResolver      : Resolving eureka endpoints via configuration
2025-11-19T14:55:52.641+05:30  INFO 9000 --- [patient-service] [AsyncResolver-bootstrap-executor-%d] c.n.d.s.r.aws.ConfigClusterResolver      : Resolving eureka endpoints via configuration
2025-11-19T15:00:52.646+05:30  INFO 9000 --- [patient-service] [AsyncResolver-bootstrap-executor-%d] c.n.d.s.r.aws.ConfigClusterResolver      : Resolving eureka endpoints via configuration
