2025-06-13T12:39:58.296+05:30  INFO 24644 --- [user-service] [main] c.user_service.UserServiceApplication    : Starting UserServiceApplication using Java 21.0.4 with PID 24644 (C:\Eclipse\Project\cm2\clinic-manager\user-service\target\classes started by rohitkya in C:\Eclipse\Project\cm2\clinic-manager)
2025-06-13T12:39:58.325+05:30  INFO 24644 --- [user-service] [main] c.user_service.UserServiceApplication    : No active profile set, falling back to 1 default profile: "default"
2025-06-13T12:39:59.705+05:30  INFO 24644 --- [user-service] [main] .s.d.r.c.RepositoryConfigurationDelegate : Bootstrapping Spring Data JPA repositories in DEFAULT mode.
2025-06-13T12:39:59.872+05:30  INFO 24644 --- [user-service] [main] .s.d.r.c.RepositoryConfigurationDelegate : Finished Spring Data repository scanning in 148 ms. Found 1 JPA repository interface.
2025-06-13T12:40:00.239+05:30  INFO 24644 --- [user-service] [main] o.s.cloud.context.scope.GenericScope     : BeanFactory id=303ee717-246e-3bb5-857a-4b85473697e5
2025-06-13T12:40:00.925+05:30  INFO 24644 --- [user-service] [main] o.s.b.w.embedded.tomcat.TomcatWebServer  : Tomcat initialized with port 8081 (http)
2025-06-13T12:40:00.955+05:30  INFO 24644 --- [user-service] [main] o.apache.catalina.core.StandardService   : Starting service [Tomcat]
2025-06-13T12:40:00.956+05:30  INFO 24644 --- [user-service] [main] o.apache.catalina.core.StandardEngine    : Starting Servlet engine: [Apache Tomcat/10.1.40]
2025-06-13T12:40:01.102+05:30  INFO 24644 --- [user-service] [main] o.a.c.c.C.[Tomcat].[localhost].[/]       : Initializing Spring embedded WebApplicationContext
2025-06-13T12:40:01.103+05:30  INFO 24644 --- [user-service] [main] w.s.c.ServletWebServerApplicationContext : Root WebApplicationContext: initialization completed in 2689 ms
2025-06-13T12:40:01.435+05:30  INFO 24644 --- [user-service] [main] o.hibernate.jpa.internal.util.LogHelper  : HHH000204: Processing PersistenceUnitInfo [name: default]
2025-06-13T12:40:01.587+05:30  INFO 24644 --- [user-service] [main] org.hibernate.Version                    : HHH000412: Hibernate ORM core version 6.6.13.Final
2025-06-13T12:40:01.652+05:30  INFO 24644 --- [user-service] [main] o.h.c.internal.RegionFactoryInitiator    : HHH000026: Second-level cache disabled
2025-06-13T12:40:02.189+05:30  INFO 24644 --- [user-service] [main] o.s.o.j.p.SpringPersistenceUnitInfo      : No LoadTimeWeaver setup: ignoring JPA class transformer
2025-06-13T12:40:02.236+05:30  INFO 24644 --- [user-service] [main] com.zaxxer.hikari.HikariDataSource       : HikariPool-1 - Starting...
2025-06-13T12:40:02.630+05:30  INFO 24644 --- [user-service] [main] com.zaxxer.hikari.pool.HikariPool        : HikariPool-1 - Added connection com.mysql.cj.jdbc.ConnectionImpl@5d15789f
2025-06-13T12:40:02.633+05:30  INFO 24644 --- [user-service] [main] com.zaxxer.hikari.HikariDataSource       : HikariPool-1 - Start completed.
2025-06-13T12:40:02.719+05:30  WARN 24644 --- [user-service] [main] org.hibernate.orm.deprecation            : HHH90000025: MySQL8Dialect does not need to be specified explicitly using 'hibernate.dialect' (remove the property setting and it will be selected by default)
2025-06-13T12:40:02.721+05:30  WARN 24644 --- [user-service] [main] org.hibernate.orm.deprecation            : HHH90000026: MySQL8Dialect has been deprecated; use org.hibernate.dialect.MySQLDialect instead
2025-06-13T12:40:02.751+05:30  INFO 24644 --- [user-service] [main] org.hibernate.orm.connections.pooling    : HHH10001005: Database info:
	Database JDBC URL [Connecting through datasource 'HikariDataSource (HikariPool-1)']
	Database driver: undefined/unknown
	Database version: 8.0
	Autocommit mode: undefined/unknown
	Isolation level: undefined/unknown
	Minimum pool size: undefined/unknown
	Maximum pool size: undefined/unknown
2025-06-13T12:40:03.771+05:30  INFO 24644 --- [user-service] [main] o.h.e.t.j.p.i.JtaPlatformInitiator       : HHH000489: No JTA platform available (set 'hibernate.transaction.jta.platform' to enable JTA platform integration)
2025-06-13T12:40:03.841+05:30  INFO 24644 --- [user-service] [main] j.LocalContainerEntityManagerFactoryBean : Initialized JPA EntityManagerFactory for persistence unit 'default'
2025-06-13T12:40:04.520+05:30  WARN 24644 --- [user-service] [main] JpaBaseConfiguration$JpaWebConfiguration : spring.jpa.open-in-view is enabled by default. Therefore, database queries may be performed during view rendering. Explicitly configure spring.jpa.open-in-view to disable this warning
2025-06-13T12:40:04.600+05:30  WARN 24644 --- [user-service] [main] .s.s.UserDetailsServiceAutoConfiguration : 

Using generated security password: 3e201521-d22a-415a-870e-81af5309e4fb

This generated password is for development use only. Your security configuration must be updated before running your application in production.

2025-06-13T12:40:04.611+05:30  INFO 24644 --- [user-service] [main] r$InitializeUserDetailsManagerConfigurer : Global AuthenticationManager configured with UserDetailsService bean with name inMemoryUserDetailsManager
2025-06-13T12:40:06.118+05:30  INFO 24644 --- [user-service] [main] o.s.v.b.OptionalValidatorFactoryBean     : Failed to set up a Bean Validation provider: jakarta.validation.NoProviderFoundException: Unable to create a Configuration, because no Jakarta Bean Validation provider could be found. Add a provider like Hibernate Validator (RI) to your classpath.
2025-06-13T12:40:06.630+05:30  INFO 24644 --- [user-service] [main] DiscoveryClientOptionalArgsConfiguration : Eureka HTTP Client uses RestTemplate.
2025-06-13T12:40:06.694+05:30  WARN 24644 --- [user-service] [main] iguration$LoadBalancerCaffeineWarnLogger : Spring Cloud LoadBalancer is currently working with the default cache. While this cache implementation is useful for development and tests, it's recommended to use Caffeine cache in production.You can switch to using Caffeine cache, by adding it and org.springframework.cache.caffeine.CaffeineCacheManager to the classpath.
2025-06-13T12:40:06.736+05:30  INFO 24644 --- [user-service] [main] o.s.c.n.eureka.InstanceInfoFactory       : Setting initial instance status as: STARTING
2025-06-13T12:40:06.777+05:30  INFO 24644 --- [user-service] [main] com.netflix.discovery.DiscoveryClient    : Initializing Eureka in region us-east-1
2025-06-13T12:40:06.784+05:30  INFO 24644 --- [user-service] [main] c.n.d.s.r.aws.ConfigClusterResolver      : Resolving eureka endpoints via configuration
2025-06-13T12:40:06.800+05:30  INFO 24644 --- [user-service] [main] com.netflix.discovery.DiscoveryClient    : Disable delta property : false
2025-06-13T12:40:06.800+05:30  INFO 24644 --- [user-service] [main] com.netflix.discovery.DiscoveryClient    : Single vip registry refresh property : null
2025-06-13T12:40:06.801+05:30  INFO 24644 --- [user-service] [main] com.netflix.discovery.DiscoveryClient    : Force full registry fetch : false
2025-06-13T12:40:06.801+05:30  INFO 24644 --- [user-service] [main] com.netflix.discovery.DiscoveryClient    : Application is null : false
2025-06-13T12:40:06.801+05:30  INFO 24644 --- [user-service] [main] com.netflix.discovery.DiscoveryClient    : Registered Applications size is zero : true
2025-06-13T12:40:06.801+05:30  INFO 24644 --- [user-service] [main] com.netflix.discovery.DiscoveryClient    : Application version is -1: true
2025-06-13T12:40:06.801+05:30  INFO 24644 --- [user-service] [main] com.netflix.discovery.DiscoveryClient    : Getting all instance registry info from the eureka server
2025-06-13T12:40:07.214+05:30  INFO 24644 --- [user-service] [main] com.netflix.discovery.DiscoveryClient    : The response status is 200
2025-06-13T12:40:07.216+05:30  INFO 24644 --- [user-service] [main] com.netflix.discovery.DiscoveryClient    : Starting heartbeat executor: renew interval is: 30
2025-06-13T12:40:07.218+05:30  INFO 24644 --- [user-service] [main] c.n.discovery.InstanceInfoReplicator     : InstanceInfoReplicator onDemand update allowed rate per min is 4
2025-06-13T12:40:07.220+05:30  INFO 24644 --- [user-service] [main] com.netflix.discovery.DiscoveryClient    : Discovery Client initialized at timestamp 1749798607219 with initial instances count: 5
2025-06-13T12:40:07.225+05:30  INFO 24644 --- [user-service] [main] o.s.c.n.e.s.EurekaServiceRegistry        : Registering application USER-SERVICE with eureka with status UP
2025-06-13T12:40:07.226+05:30  INFO 24644 --- [user-service] [main] com.netflix.discovery.DiscoveryClient    : Saw local status change event StatusChangeEvent [timestamp=1749798607226, current=UP, previous=STARTING]
2025-06-13T12:40:07.234+05:30  INFO 24644 --- [user-service] [DiscoveryClient-InstanceInfoReplicator-%d] com.netflix.discovery.DiscoveryClient    : DiscoveryClient_USER-SERVICE/10.236.21.24:user-service:8081: registering service...
2025-06-13T12:40:07.280+05:30  INFO 24644 --- [user-service] [main] o.s.b.w.embedded.tomcat.TomcatWebServer  : Tomcat started on port 8081 (http) with context path '/'
2025-06-13T12:40:07.281+05:30  INFO 24644 --- [user-service] [main] .s.c.n.e.s.EurekaAutoServiceRegistration : Updating port to 8081
2025-06-13T12:40:07.288+05:30  INFO 24644 --- [user-service] [DiscoveryClient-InstanceInfoReplicator-%d] com.netflix.discovery.DiscoveryClient    : DiscoveryClient_USER-SERVICE/10.236.21.24:user-service:8081 - registration status: 204
2025-06-13T12:40:07.299+05:30  INFO 24644 --- [user-service] [main] c.user_service.UserServiceApplication    : Started UserServiceApplication in 9.711 seconds (process running for 10.306)
2025-06-13T12:40:23.430+05:30  INFO 24644 --- [user-service] [http-nio-8081-exec-1] o.a.c.c.C.[Tomcat].[localhost].[/]       : Initializing Spring DispatcherServlet 'dispatcherServlet'
2025-06-13T12:40:23.430+05:30  INFO 24644 --- [user-service] [http-nio-8081-exec-1] o.s.web.servlet.DispatcherServlet        : Initializing Servlet 'dispatcherServlet'
2025-06-13T12:40:23.430+05:30  INFO 24644 --- [user-service] [http-nio-8081-exec-1] o.s.web.servlet.DispatcherServlet        : Completed initialization in 0 ms
2025-06-13T12:40:23.528+05:30  INFO 24644 --- [user-service] [http-nio-8081-exec-1] c.u.controller.AuthController            : Received login request for user: testuser
2025-06-13T12:40:23.530+05:30  INFO 24644 --- [user-service] [http-nio-8081-exec-1] com.user_service.service.UserService     : Authenticating user: testuser
2025-06-13T12:41:24.417+05:30  INFO 24212 --- [user-service] [main] c.user_service.UserServiceApplication    : Starting UserServiceApplication using Java 21.0.4 with PID 24212 (C:\Eclipse\Project\cm2\clinic-manager\user-service\target\classes started by rohitkya in C:\Eclipse\Project\cm2\clinic-manager)
2025-06-13T12:41:24.422+05:30  INFO 24212 --- [user-service] [main] c.user_service.UserServiceApplication    : No active profile set, falling back to 1 default profile: "default"
2025-06-13T12:41:25.723+05:30  INFO 24212 --- [user-service] [main] .s.d.r.c.RepositoryConfigurationDelegate : Bootstrapping Spring Data JPA repositories in DEFAULT mode.
2025-06-13T12:41:25.973+05:30  INFO 24212 --- [user-service] [main] .s.d.r.c.RepositoryConfigurationDelegate : Finished Spring Data repository scanning in 232 ms. Found 1 JPA repository interface.
2025-06-13T12:41:26.276+05:30  INFO 24212 --- [user-service] [main] o.s.cloud.context.scope.GenericScope     : BeanFactory id=303ee717-246e-3bb5-857a-4b85473697e5
2025-06-13T12:41:26.757+05:30  INFO 24212 --- [user-service] [main] o.s.b.w.embedded.tomcat.TomcatWebServer  : Tomcat initialized with port 8081 (http)
2025-06-13T12:41:26.770+05:30  INFO 24212 --- [user-service] [main] o.apache.catalina.core.StandardService   : Starting service [Tomcat]
2025-06-13T12:41:26.770+05:30  INFO 24212 --- [user-service] [main] o.apache.catalina.core.StandardEngine    : Starting Servlet engine: [Apache Tomcat/10.1.40]
2025-06-13T12:41:26.862+05:30  INFO 24212 --- [user-service] [main] o.a.c.c.C.[Tomcat].[localhost].[/]       : Initializing Spring embedded WebApplicationContext
2025-06-13T12:41:26.863+05:30  INFO 24212 --- [user-service] [main] w.s.c.ServletWebServerApplicationContext : Root WebApplicationContext: initialization completed in 2356 ms
2025-06-13T12:41:27.132+05:30  INFO 24212 --- [user-service] [main] o.hibernate.jpa.internal.util.LogHelper  : HHH000204: Processing PersistenceUnitInfo [name: default]
2025-06-13T12:41:27.231+05:30  INFO 24212 --- [user-service] [main] org.hibernate.Version                    : HHH000412: Hibernate ORM core version 6.6.13.Final
2025-06-13T12:41:27.287+05:30  INFO 24212 --- [user-service] [main] o.h.c.internal.RegionFactoryInitiator    : HHH000026: Second-level cache disabled
2025-06-13T12:41:27.671+05:30  INFO 24212 --- [user-service] [main] o.s.o.j.p.SpringPersistenceUnitInfo      : No LoadTimeWeaver setup: ignoring JPA class transformer
2025-06-13T12:41:27.704+05:30  INFO 24212 --- [user-service] [main] com.zaxxer.hikari.HikariDataSource       : HikariPool-1 - Starting...
2025-06-13T12:41:27.990+05:30  INFO 24212 --- [user-service] [main] com.zaxxer.hikari.pool.HikariPool        : HikariPool-1 - Added connection com.mysql.cj.jdbc.ConnectionImpl@5f369fc6
2025-06-13T12:41:27.994+05:30  INFO 24212 --- [user-service] [main] com.zaxxer.hikari.HikariDataSource       : HikariPool-1 - Start completed.
2025-06-13T12:41:28.044+05:30  WARN 24212 --- [user-service] [main] org.hibernate.orm.deprecation            : HHH90000025: MySQL8Dialect does not need to be specified explicitly using 'hibernate.dialect' (remove the property setting and it will be selected by default)
2025-06-13T12:41:28.046+05:30  WARN 24212 --- [user-service] [main] org.hibernate.orm.deprecation            : HHH90000026: MySQL8Dialect has been deprecated; use org.hibernate.dialect.MySQLDialect instead
2025-06-13T12:41:28.066+05:30  INFO 24212 --- [user-service] [main] org.hibernate.orm.connections.pooling    : HHH10001005: Database info:
	Database JDBC URL [Connecting through datasource 'HikariDataSource (HikariPool-1)']
	Database driver: undefined/unknown
	Database version: 8.0
	Autocommit mode: undefined/unknown
	Isolation level: undefined/unknown
	Minimum pool size: undefined/unknown
	Maximum pool size: undefined/unknown
2025-06-13T12:41:28.888+05:30  INFO 24212 --- [user-service] [main] o.h.e.t.j.p.i.JtaPlatformInitiator       : HHH000489: No JTA platform available (set 'hibernate.transaction.jta.platform' to enable JTA platform integration)
2025-06-13T12:41:28.942+05:30  INFO 24212 --- [user-service] [main] j.LocalContainerEntityManagerFactoryBean : Initialized JPA EntityManagerFactory for persistence unit 'default'
2025-06-13T12:41:29.547+05:30  WARN 24212 --- [user-service] [main] JpaBaseConfiguration$JpaWebConfiguration : spring.jpa.open-in-view is enabled by default. Therefore, database queries may be performed during view rendering. Explicitly configure spring.jpa.open-in-view to disable this warning
2025-06-13T12:41:29.644+05:30  WARN 24212 --- [user-service] [main] .s.s.UserDetailsServiceAutoConfiguration : 

Using generated security password: 7600ab5a-3a3c-4f7d-b758-e592a4a23770

This generated password is for development use only. Your security configuration must be updated before running your application in production.

2025-06-13T12:41:29.660+05:30  INFO 24212 --- [user-service] [main] r$InitializeUserDetailsManagerConfigurer : Global AuthenticationManager configured with UserDetailsService bean with name inMemoryUserDetailsManager
2025-06-13T12:41:31.260+05:30  INFO 24212 --- [user-service] [main] o.s.v.b.OptionalValidatorFactoryBean     : Failed to set up a Bean Validation provider: jakarta.validation.NoProviderFoundException: Unable to create a Configuration, because no Jakarta Bean Validation provider could be found. Add a provider like Hibernate Validator (RI) to your classpath.
2025-06-13T12:41:31.709+05:30  INFO 24212 --- [user-service] [main] DiscoveryClientOptionalArgsConfiguration : Eureka HTTP Client uses RestTemplate.
2025-06-13T12:41:31.770+05:30  WARN 24212 --- [user-service] [main] iguration$LoadBalancerCaffeineWarnLogger : Spring Cloud LoadBalancer is currently working with the default cache. While this cache implementation is useful for development and tests, it's recommended to use Caffeine cache in production.You can switch to using Caffeine cache, by adding it and org.springframework.cache.caffeine.CaffeineCacheManager to the classpath.
2025-06-13T12:41:31.803+05:30  INFO 24212 --- [user-service] [main] o.s.c.n.eureka.InstanceInfoFactory       : Setting initial instance status as: STARTING
2025-06-13T12:41:31.845+05:30  INFO 24212 --- [user-service] [main] com.netflix.discovery.DiscoveryClient    : Initializing Eureka in region us-east-1
2025-06-13T12:41:31.853+05:30  INFO 24212 --- [user-service] [main] c.n.d.s.r.aws.ConfigClusterResolver      : Resolving eureka endpoints via configuration
2025-06-13T12:41:31.872+05:30  INFO 24212 --- [user-service] [main] com.netflix.discovery.DiscoveryClient    : Disable delta property : false
2025-06-13T12:41:31.872+05:30  INFO 24212 --- [user-service] [main] com.netflix.discovery.DiscoveryClient    : Single vip registry refresh property : null
2025-06-13T12:41:31.873+05:30  INFO 24212 --- [user-service] [main] com.netflix.discovery.DiscoveryClient    : Force full registry fetch : false
2025-06-13T12:41:31.873+05:30  INFO 24212 --- [user-service] [main] com.netflix.discovery.DiscoveryClient    : Application is null : false
2025-06-13T12:41:31.873+05:30  INFO 24212 --- [user-service] [main] com.netflix.discovery.DiscoveryClient    : Registered Applications size is zero : true
2025-06-13T12:41:31.873+05:30  INFO 24212 --- [user-service] [main] com.netflix.discovery.DiscoveryClient    : Application version is -1: true
2025-06-13T12:41:31.873+05:30  INFO 24212 --- [user-service] [main] com.netflix.discovery.DiscoveryClient    : Getting all instance registry info from the eureka server
2025-06-13T12:41:32.314+05:30  INFO 24212 --- [user-service] [main] com.netflix.discovery.DiscoveryClient    : The response status is 200
2025-06-13T12:41:32.316+05:30  INFO 24212 --- [user-service] [main] com.netflix.discovery.DiscoveryClient    : Starting heartbeat executor: renew interval is: 30
2025-06-13T12:41:32.319+05:30  INFO 24212 --- [user-service] [main] c.n.discovery.InstanceInfoReplicator     : InstanceInfoReplicator onDemand update allowed rate per min is 4
2025-06-13T12:41:32.321+05:30  INFO 24212 --- [user-service] [main] com.netflix.discovery.DiscoveryClient    : Discovery Client initialized at timestamp 1749798692321 with initial instances count: 5
2025-06-13T12:41:32.326+05:30  INFO 24212 --- [user-service] [main] o.s.c.n.e.s.EurekaServiceRegistry        : Registering application USER-SERVICE with eureka with status UP
2025-06-13T12:41:32.328+05:30  INFO 24212 --- [user-service] [main] com.netflix.discovery.DiscoveryClient    : Saw local status change event StatusChangeEvent [timestamp=1749798692328, current=UP, previous=STARTING]
2025-06-13T12:41:32.330+05:30  INFO 24212 --- [user-service] [DiscoveryClient-InstanceInfoReplicator-%d] com.netflix.discovery.DiscoveryClient    : DiscoveryClient_USER-SERVICE/10.236.21.24:user-service:8081: registering service...
2025-06-13T12:41:32.377+05:30  INFO 24212 --- [user-service] [main] o.s.b.w.embedded.tomcat.TomcatWebServer  : Tomcat started on port 8081 (http) with context path '/'
2025-06-13T12:41:32.379+05:30  INFO 24212 --- [user-service] [main] .s.c.n.e.s.EurekaAutoServiceRegistration : Updating port to 8081
2025-06-13T12:41:32.399+05:30  INFO 24212 --- [user-service] [main] c.user_service.UserServiceApplication    : Started UserServiceApplication in 8.617 seconds (process running for 9.196)
2025-06-13T12:41:32.404+05:30  INFO 24212 --- [user-service] [DiscoveryClient-InstanceInfoReplicator-%d] com.netflix.discovery.DiscoveryClient    : DiscoveryClient_USER-SERVICE/10.236.21.24:user-service:8081 - registration status: 204
2025-06-13T12:42:32.909+05:30  INFO 24212 --- [user-service] [http-nio-8081-exec-1] o.a.c.c.C.[Tomcat].[localhost].[/]       : Initializing Spring DispatcherServlet 'dispatcherServlet'
2025-06-13T12:42:32.909+05:30  INFO 24212 --- [user-service] [http-nio-8081-exec-1] o.s.web.servlet.DispatcherServlet        : Initializing Servlet 'dispatcherServlet'
2025-06-13T12:42:32.910+05:30  INFO 24212 --- [user-service] [http-nio-8081-exec-1] o.s.web.servlet.DispatcherServlet        : Completed initialization in 1 ms
2025-06-13T12:42:32.988+05:30  INFO 24212 --- [user-service] [http-nio-8081-exec-2] c.u.controller.AuthController            : Received registration request for user: testuser6
2025-06-13T12:42:32.988+05:30  INFO 24212 --- [user-service] [http-nio-8081-exec-2] com.user_service.service.UserService     : Registering user: testuser6
2025-06-13T12:43:49.036+05:30  INFO 24212 --- [user-service] [http-nio-8081-exec-4] c.u.controller.AuthController            : Received login request for user: testuser
2025-06-13T12:43:49.036+05:30  INFO 24212 --- [user-service] [http-nio-8081-exec-4] com.user_service.service.UserService     : Authenticating user: testuser
2025-06-13T12:46:31.885+05:30  INFO 24212 --- [user-service] [AsyncResolver-bootstrap-executor-%d] c.n.d.s.r.aws.ConfigClusterResolver      : Resolving eureka endpoints via configuration
2025-06-13T12:51:31.900+05:30  INFO 24212 --- [user-service] [AsyncResolver-bootstrap-executor-%d] c.n.d.s.r.aws.ConfigClusterResolver      : Resolving eureka endpoints via configuration
2025-06-13T12:56:31.908+05:30  INFO 24212 --- [user-service] [AsyncResolver-bootstrap-executor-%d] c.n.d.s.r.aws.ConfigClusterResolver      : Resolving eureka endpoints via configuration
2025-06-13T13:01:31.916+05:30  INFO 24212 --- [user-service] [AsyncResolver-bootstrap-executor-%d] c.n.d.s.r.aws.ConfigClusterResolver      : Resolving eureka endpoints via configuration
2025-06-13T13:06:31.923+05:30  INFO 24212 --- [user-service] [AsyncResolver-bootstrap-executor-%d] c.n.d.s.r.aws.ConfigClusterResolver      : Resolving eureka endpoints via configuration
2025-06-13T13:11:31.930+05:30  INFO 24212 --- [user-service] [AsyncResolver-bootstrap-executor-%d] c.n.d.s.r.aws.ConfigClusterResolver      : Resolving eureka endpoints via configuration
2025-06-13T13:16:31.939+05:30  INFO 24212 --- [user-service] [AsyncResolver-bootstrap-executor-%d] c.n.d.s.r.aws.ConfigClusterResolver      : Resolving eureka endpoints via configuration
2025-06-13T13:21:31.951+05:30  INFO 24212 --- [user-service] [AsyncResolver-bootstrap-executor-%d] c.n.d.s.r.aws.ConfigClusterResolver      : Resolving eureka endpoints via configuration
2025-06-13T13:26:31.960+05:30  INFO 24212 --- [user-service] [AsyncResolver-bootstrap-executor-%d] c.n.d.s.r.aws.ConfigClusterResolver      : Resolving eureka endpoints via configuration
2025-06-13T13:31:31.973+05:30  INFO 24212 --- [user-service] [AsyncResolver-bootstrap-executor-%d] c.n.d.s.r.aws.ConfigClusterResolver      : Resolving eureka endpoints via configuration
2025-06-13T13:36:31.975+05:30  INFO 24212 --- [user-service] [AsyncResolver-bootstrap-executor-%d] c.n.d.s.r.aws.ConfigClusterResolver      : Resolving eureka endpoints via configuration
2025-06-13T13:41:31.978+05:30  INFO 24212 --- [user-service] [AsyncResolver-bootstrap-executor-%d] c.n.d.s.r.aws.ConfigClusterResolver      : Resolving eureka endpoints via configuration
2025-06-13T14:38:15.910+05:30  WARN 24212 --- [user-service] [HikariPool-1 housekeeper] com.zaxxer.hikari.pool.HikariPool        : HikariPool-1 - Thread starvation or clock leap detected (housekeeper delta=55m46s403ms716µs400ns).
2025-06-13T15:57:40.052+05:30  WARN 24212 --- [user-service] [HikariPool-1 housekeeper] com.zaxxer.hikari.pool.HikariPool        : HikariPool-1 - Thread starvation or clock leap detected (housekeeper delta=1h19m24s640ms217µs900ns).
2025-06-13T16:00:42.194+05:30  INFO 24212 --- [user-service] [AsyncResolver-bootstrap-executor-%d] c.n.d.s.r.aws.ConfigClusterResolver      : Resolving eureka endpoints via configuration
